# Logfile created on Thu Apr 23 19:35:01 -0600 2009 by /
  [4;36;1mSQL (0.001768)[0m   [0;1mCREATE TABLE schema_info (version integer)[0m
  [4;35;1mSQL (0.001561)[0m   [0mINSERT INTO schema_info (version) VALUES(0)[0m
  [4;36;1mSQL (0.000000)[0m   [0;1mSQLite3::SQLException: table schema_info already exists: CREATE TABLE schema_info (version integer)[0m
  [4;35;1mSQL (0.000280)[0m   [0mSELECT version FROM schema_info[0m
Migrating to CreateUsers (1)
  [4;36;1mSQL (0.016636)[0m   [0;1mCREATE TABLE users ("id" INTEGER PRIMARY KEY NOT NULL, "name" varchar(255) DEFAULT NULL, "hashed_password" varchar(255) DEFAULT NULL, "salt" varchar(255) DEFAULT NULL) [0m
  [4;35;1mSQL (0.000977)[0m   [0mUPDATE schema_info SET version = 1[0m
  [4;36;1mSQL (0.000177)[0m   [0;1mSELECT version FROM schema_info[0m
Migrating to AddSessions (2)
  [4;35;1mSQL (0.000995)[0m   [0mCREATE TABLE sessions ("id" INTEGER PRIMARY KEY NOT NULL, "session_id" varchar(255) DEFAULT NULL, "data" text DEFAULT NULL, "updated_at" datetime DEFAULT NULL) [0m
  [4;36;1mSQL (0.001268)[0m   [0;1mCREATE INDEX "index_sessions_on_session_id" ON sessions ("session_id")[0m
  [4;35;1mSQL (0.001119)[0m   [0mCREATE INDEX "index_sessions_on_updated_at" ON sessions ("updated_at")[0m
  [4;36;1mSQL (0.000927)[0m   [0;1mUPDATE schema_info SET version = 2[0m
  [4;35;1mSQL (0.000167)[0m   [0mSELECT version FROM schema_info[0m
Migrating to CreateImages (3)
  [4;36;1mSQL (0.001152)[0m   [0;1mCREATE TABLE images ("id" INTEGER PRIMARY KEY NOT NULL, "content_type" varchar(255) DEFAULT NULL, "large" blob(10485760) DEFAULT NULL, "thumb" blob(1048576) DEFAULT NULL, "caption" varchar(255) DEFAULT NULL) [0m
  [4;35;1mSQL (0.008397)[0m   [0mUPDATE schema_info SET version = 3[0m
  [4;36;1mSQL (0.000295)[0m   [0;1mSELECT version FROM schema_info[0m
Migrating to CreateNews (4)
  [4;35;1mSQL (0.001447)[0m   [0mCREATE TABLE news ("id" INTEGER PRIMARY KEY NOT NULL, "title" varchar(255) DEFAULT NULL, "when_created" date DEFAULT NULL, "who" varchar(255) DEFAULT NULL, "body" text DEFAULT NULL) [0m
  [4;36;1mSQL (0.001194)[0m   [0;1mUPDATE schema_info SET version = 4[0m
  [4;35;1mSQL (0.000197)[0m   [0mSELECT version FROM schema_info[0m
Migrating to CreateContacts (5)
  [4;36;1mSQL (0.001302)[0m   [0;1mCREATE TABLE contacts ("id" INTEGER PRIMARY KEY NOT NULL, "type_location" integer DEFAULT NULL, "description" varchar(255) DEFAULT NULL, "name" varchar(255) DEFAULT NULL, "adr_line1" varchar(255) DEFAULT NULL, "adr_line2" varchar(255) DEFAULT NULL, "city" varchar(255) DEFAULT NULL, "state" varchar(255) DEFAULT NULL, "postal_code" varchar(255) DEFAULT NULL, "phone" varchar(255) DEFAULT NULL, "cell" varchar(255) DEFAULT NULL, "office_phone" varchar(255) DEFAULT NULL, "fax" varchar(255) DEFAULT NULL, "email" varchar(255) DEFAULT NULL, "image_id" integer DEFAULT NULL) [0m
  [4;35;1mSQL (0.000946)[0m   [0mUPDATE schema_info SET version = 5[0m
  [4;36;1mSQL (0.000169)[0m   [0;1mSELECT version FROM schema_info[0m
Migrating to CreatePortfolioEntries (6)
  [4;35;1mSQL (0.009518)[0m   [0mCREATE TABLE portfolio_entries ("id" INTEGER PRIMARY KEY NOT NULL, "title" varchar(255) DEFAULT NULL, "description" text DEFAULT NULL, "image_id" integer DEFAULT NULL) [0m
  [4;36;1mSQL (0.001007)[0m   [0;1mUPDATE schema_info SET version = 6[0m
  [4;35;1mSQL (0.000188)[0m   [0mSELECT version FROM schema_info[0m
Migrating to CreateTestimonialEntries (7)
  [4;36;1mSQL (0.001245)[0m   [0;1mCREATE TABLE testimonial_entries ("id" INTEGER PRIMARY KEY NOT NULL, "customer_name" varchar(255) DEFAULT NULL, "testimonial" text DEFAULT NULL) [0m
  [4;35;1mSQL (0.001204)[0m   [0mUPDATE schema_info SET version = 7[0m
  [4;36;1mSQL (0.000164)[0m   [0;1mSELECT version FROM schema_info[0m
Migrating to CreateServiceEntries (8)
  [4;35;1mSQL (0.001231)[0m   [0mCREATE TABLE service_entries ("id" INTEGER PRIMARY KEY NOT NULL, "title" varchar(255) DEFAULT NULL, "description" text DEFAULT NULL, "image_id" integer DEFAULT NULL) [0m
  [4;36;1mSQL (0.001008)[0m   [0;1mUPDATE schema_info SET version = 8[0m
  [4;35;1mSQL (0.000191)[0m   [0mSELECT version FROM schema_info[0m
Migrating to CreateRecommendations (9)
  [4;36;1mSQL (0.007596)[0m   [0;1mCREATE TABLE recommendations ("id" INTEGER PRIMARY KEY NOT NULL, "title" varchar(255) DEFAULT NULL, "link" text DEFAULT NULL, "image_id" integer DEFAULT NULL) [0m
  [4;35;1mSQL (0.003509)[0m   [0mUPDATE schema_info SET version = 9[0m
  [4;36;1mSQL (0.000247)[0m   [0;1mSELECT version FROM schema_info[0m
Migrating to CreateDisclosures (10)
  [4;35;1mSQL (0.001813)[0m   [0mCREATE TABLE disclosures ("id" INTEGER PRIMARY KEY NOT NULL, "description" text DEFAULT NULL) [0m
  [4;36;1mSQL (0.001317)[0m   [0;1mUPDATE schema_info SET version = 10[0m
  [4;35;1mSQL (0.000178)[0m   [0mSELECT version FROM schema_info[0m
Migrating to CreateSettings (11)
  [4;36;1mSQL (0.001392)[0m   [0;1mCREATE TABLE settings ("id" INTEGER PRIMARY KEY NOT NULL, "name" varchar(255) DEFAULT NULL, "value" varchar(255) DEFAULT NULL) [0m
  [4;35;1mSQL (0.001244)[0m   [0mCREATE UNIQUE INDEX "index_settings_on_name" ON settings ("name")[0m
  [4;36;1mSQL (0.000268)[0m   [0;1mINSERT INTO settings ("name", "value") VALUES('large_image_size', '800')[0m
  [4;35;1mSQL (0.000250)[0m   [0mINSERT INTO settings ("name", "value") VALUES('thumb_image_size', '128')[0m
  [4;36;1mSQL (0.000967)[0m   [0;1mUPDATE schema_info SET version = 11[0m
  [4;35;1mSQL (0.000182)[0m   [0mSELECT version FROM schema_info[0m
Migrating to AddPortServiceId (12)
  [4;36;1mSQL (0.004781)[0m   [0;1mALTER TABLE portfolio_entries ADD "service_entry_id" integer DEFAULT 0[0m
  [4;35;1mSQL (0.005748)[0m   [0mVACUUM[0m
  [4;36;1mSQL (0.001543)[0m   [0;1mUPDATE schema_info SET version = 12[0m
  [4;35;1mSQL (0.000240)[0m   [0mSELECT version FROM schema_info[0m
Migrating to AddImageIds (13)
  [4;36;1mSQL (0.006062)[0m   [0;1mALTER TABLE news ADD "image_id" integer DEFAULT 0[0m
  [4;35;1mSQL (0.008531)[0m   [0mVACUUM[0m
  [4;36;1mSQL (0.001720)[0m   [0;1mUPDATE schema_info SET version = 13[0m
  [4;35;1mSQL (0.000197)[0m   [0mSELECT version FROM schema_info[0m
Migrating to CreateCompanyInfo (14)
  [4;36;1mSQL (0.004846)[0m   [0;1mCREATE TABLE company_infos ("id" INTEGER PRIMARY KEY NOT NULL, "company_name" varchar(255) DEFAULT NULL, "company_description" text DEFAULT NULL, "welcome_text" text DEFAULT NULL, "web_icon" blob DEFAULT NULL, "logo_image" blob DEFAULT NULL, "banner_image" blob DEFAULT NULL, "sidebar_image" blob DEFAULT NULL) [0m
  [4;35;1mSQL (0.000329)[0m   [0mINSERT INTO company_infos ("logo_image", "banner_image", "company_name", "sidebar_image", "company_description", "web_icon", "welcome_text") VALUES(NULL, NULL, 'Your Company Name', NULL, 'Your Company Description', NULL, 'Your Company Welcome')[0m
  [4;36;1mSQL (0.000254)[0m   [0;1mINSERT INTO settings ("name", "value") VALUES('web_icon_size', '32')[0m
  [4;35;1mSQL (0.000235)[0m   [0mINSERT INTO settings ("name", "value") VALUES('company_logo_size', '128')[0m
  [4;36;1mSQL (0.000217)[0m   [0;1mINSERT INTO settings ("name", "value") VALUES('company_banner_width', '400')[0m
  [4;35;1mSQL (0.000219)[0m   [0mINSERT INTO settings ("name", "value") VALUES('company_banner_height', '60')[0m
  [4;36;1mSQL (0.000218)[0m   [0;1mINSERT INTO settings ("name", "value") VALUES('company_sidebar_width', '200')[0m
  [4;35;1mSQL (0.000218)[0m   [0mINSERT INTO settings ("name", "value") VALUES('company_sidebar_height', '400')[0m
  [4;36;1mSQL (0.001163)[0m   [0;1mUPDATE schema_info SET version = 14[0m
  [4;35;1mSQL (0.000198)[0m   [0mSELECT version FROM schema_info[0m
Migrating to CreateComments (15)
  [4;36;1mSQL (0.001851)[0m   [0;1mCREATE TABLE comments ("id" INTEGER PRIMARY KEY NOT NULL, "body" text DEFAULT NULL, "who" varchar(255) DEFAULT NULL, "when_created" date DEFAULT NULL, "accepted" integer DEFAULT NULL, "news_id" integer DEFAULT NULL) [0m
  [4;35;1mSQL (0.001274)[0m   [0mUPDATE schema_info SET version = 15[0m
  [4;36;1mSQL (0.000176)[0m   [0;1mSELECT version FROM schema_info[0m
Migrating to CreateDbFiles (16)
  [4;35;1mSQL (0.001807)[0m   [0mCREATE TABLE db_files ("id" INTEGER PRIMARY KEY NOT NULL, "name" varchar(255) DEFAULT NULL, "body" blob DEFAULT NULL) [0m
  [4;36;1mSQL (0.001401)[0m   [0;1mCREATE UNIQUE INDEX "index_db_files_on_name" ON db_files ("name")[0m
  [4;35;1mSQL (0.005727)[0m   [0mUPDATE schema_info SET version = 16[0m
  [4;36;1mSQL (0.000176)[0m   [0;1mSELECT version FROM schema_info[0m
Migrating to AddServiceDispType (17)
  [4;35;1mSQL (0.001345)[0m   [0mALTER TABLE service_entries ADD "disp_type" integer DEFAULT 0[0m
  [4;36;1mSQL (0.006547)[0m   [0;1mVACUUM[0m
  [4;35;1mSQL (0.001481)[0m   [0mUPDATE schema_info SET version = 17[0m
  [4;36;1mSQL (0.000190)[0m   [0;1mSELECT version FROM schema_info[0m
Migrating to AddDefaultSettings (18)
  [4;35;1mDbFile Load (0.000131)[0m   [0mSELECT * FROM db_files WHERE (db_files."name" = 'settings/system') LIMIT 1[0m
  [4;36;1mSQL (0.000243)[0m   [0;1mINSERT INTO db_files ("name", "body") VALUES('settings/system', '---
large_image_size: 800
thumb_image_size: 128
web_icon_size: 32
company_logo_size: 128
company_banner_width: 400
company_banner_height: 60
company_sidebar_width: 200
company_sidebar_height: 400
')[0m
  [4;35;1mDbFile Load (0.000145)[0m   [0mSELECT * FROM db_files WHERE (db_files."name" = 'settings/customer.dflt') LIMIT 1[0m
  [4;36;1mSQL (0.000398)[0m   [0;1mINSERT INTO db_files ("name", "body") VALUES('settings/customer.dflt', '---
company_name: Your Company Name
company_description: Your Company Description
welcome_text: Your Company Welcome
frame1_clr: "#6699cc"
frame1_txt_clr: "#333333"
frame2_clr: "#336699"
frame2_txt_clr: "#fefeef"
frame3_clr: "#FFFFFF"
frame3_txt_clr: "#00093a"
H1_clr: "#222266"
H2_clr: "#336699"	
H3_clr: "#6699cc"
dot_clr: "#6699cc"
background_clr: "#FFFFFF"
disabled_contacts: 0
disabled_news: 0
disabled_testimonials: 0
disabled_recommendations: 0
')[0m
  [4;35;1mSQL (0.001293)[0m   [0mUPDATE schema_info SET version = 18[0m
  [4;36;1mSQL (0.000220)[0m   [0;1mSELECT version FROM schema_info[0m
Migrating to AddSrvSortOrd (19)
  [4;35;1mSQL (0.001394)[0m   [0mALTER TABLE portfolio_entries ADD "sort_order" integer DEFAULT 0[0m
  [4;36;1mSQL (0.006891)[0m   [0;1mVACUUM[0m
  [4;35;1mSQL (0.001788)[0m   [0mUPDATE schema_info SET version = 19[0m
  [4;36;1mSQL (0.000210)[0m   [0;1mSELECT version FROM schema_info[0m
Migrating to AddEntSortOrd (20)
  [4;35;1mSQL (0.004647)[0m   [0mALTER TABLE service_entries ADD "sort_order" integer DEFAULT 0[0m
  [4;36;1mSQL (0.016860)[0m   [0;1mVACUUM[0m
  [4;35;1mSQL (0.003776)[0m   [0mUPDATE schema_info SET version = 20[0m
  [4;36;1mSQL (0.000379)[0m   [0;1mSELECT * FROM schema_info[0m
  [4;35;1mSQL (0.000816)[0m   [0mSELECT name FROM sqlite_master WHERE type = 'table'[0m
  [4;36;1mSQL (0.000072)[0m   [0;1mPRAGMA index_list(comments)[0m
  [4;35;1mSQL (0.000051)[0m   [0mPRAGMA index_list(company_infos)[0m
  [4;36;1mSQL (0.000052)[0m   [0;1mPRAGMA index_list(contacts)[0m
  [4;35;1mSQL (0.000125)[0m   [0mPRAGMA index_list(db_files)[0m
  [4;36;1mSQL (0.000125)[0m   [0;1mPRAGMA index_info('index_db_files_on_name')[0m
  [4;35;1mSQL (0.000050)[0m   [0mPRAGMA index_list(disclosures)[0m
  [4;36;1mSQL (0.000051)[0m   [0;1mPRAGMA index_list(images)[0m
  [4;35;1mSQL (0.000051)[0m   [0mPRAGMA index_list(news)[0m
  [4;36;1mSQL (0.000051)[0m   [0;1mPRAGMA index_list(portfolio_entries)[0m
  [4;35;1mSQL (0.000051)[0m   [0mPRAGMA index_list(recommendations)[0m
  [4;36;1mSQL (0.000052)[0m   [0;1mPRAGMA index_list(service_entries)[0m
  [4;35;1mSQL (0.000186)[0m   [0mPRAGMA index_list(sessions)[0m
  [4;36;1mSQL (0.000125)[0m   [0;1mPRAGMA index_info('index_sessions_on_updated_at')[0m
  [4;35;1mSQL (0.000125)[0m   [0mPRAGMA index_info('index_sessions_on_session_id')[0m
  [4;36;1mSQL (0.000132)[0m   [0;1mPRAGMA index_list(settings)[0m
  [4;35;1mSQL (0.000133)[0m   [0mPRAGMA index_info('index_settings_on_name')[0m
  [4;36;1mSQL (0.000051)[0m   [0;1mPRAGMA index_list(testimonial_entries)[0m
  [4;35;1mSQL (0.000050)[0m   [0mPRAGMA index_list(users)[0m
  [4;36;1mDbFile Load (0.000262)[0m   [0;1mSELECT * FROM db_files WHERE (db_files."name" = 'settings/customer.dflt') LIMIT 1[0m
  [4;35;1mDbFile Load (0.000124)[0m   [0mSELECT * FROM db_files WHERE (db_files."name" = 'settings/customer') LIMIT 1[0m
  [4;36;1mDbFile Load (0.000114)[0m   [0;1mSELECT * FROM db_files WHERE (db_files."name" = 'settings/system.dflt') LIMIT 1[0m
  [4;35;1mDbFile Load (0.000195)[0m   [0mSELECT * FROM db_files WHERE (db_files."name" = 'settings/system') LIMIT 1[0m


Processing WelcomeController#index (for 127.0.0.1 at 2009-04-23 19:35:12) [GET]
  Session ID: a0024f389b803e60616a7644670aa042
  Parameters: {"action"=>"index", "controller"=>"welcome"}
Redirected to http://0.0.0.0:3000/services
Completed in 0.00148 (675 reqs/sec) | DB: 0.00069 (46%) | 302 Found [http://0.0.0.0/]
  [4;36;1mDbFile Load (0.000220)[0m   [0;1mSELECT * FROM db_files WHERE (db_files."name" = 'settings/customer.dflt') LIMIT 1[0m
  [4;35;1mDbFile Load (0.000120)[0m   [0mSELECT * FROM db_files WHERE (db_files."name" = 'settings/customer') LIMIT 1[0m
  [4;36;1mDbFile Load (0.000112)[0m   [0;1mSELECT * FROM db_files WHERE (db_files."name" = 'settings/system.dflt') LIMIT 1[0m
  [4;35;1mDbFile Load (0.000193)[0m   [0mSELECT * FROM db_files WHERE (db_files."name" = 'settings/system') LIMIT 1[0m


Processing ServicesController#index (for 127.0.0.1 at 2009-04-23 19:35:12) [GET]
  Session ID: a0024f389b803e60616a7644670aa042
  Parameters: {"action"=>"index", "controller"=>"services"}
  [4;36;1mServiceEntry Load (0.000139)[0m   [0;1mSELECT * FROM service_entries [0m
Rendering  within layouts/services
Rendering services/index
Rendered shared/style/_scaffold (0.00220)
Rendered shared/style/_style1 (0.00815)
  [4;35;1mDbFile Load (0.000164)[0m   [0mSELECT * FROM db_files WHERE (db_files."name" = 'images/banner') LIMIT 1[0m
  [4;36;1mDbFile Load (0.000113)[0m   [0;1mSELECT * FROM db_files WHERE (db_files."name" = 'images/sidebar') LIMIT 1[0m
  [4;35;1mDisclosures Load (0.000140)[0m   [0mSELECT * FROM disclosures [0m
Rendered shared/_disclosures (0.00395)
Completed in 0.02370 (42 reqs/sec) | Rendering: 0.02004 (84%) | DB: 0.00120 (5%) | 200 OK [http://0.0.0.0/services]
  [4;36;1mDbFile Load (0.007279)[0m   [0;1mSELECT * FROM db_files WHERE (db_files."name" = 'settings/customer.dflt') LIMIT 1[0m
  [4;35;1mDbFile Load (0.000537)[0m   [0mSELECT * FROM db_files WHERE (db_files."name" = 'settings/customer') LIMIT 1[0m
  [4;36;1mDbFile Load (0.000119)[0m   [0;1mSELECT * FROM db_files WHERE (db_files."name" = 'settings/system.dflt') LIMIT 1[0m
  [4;35;1mDbFile Load (0.000195)[0m   [0mSELECT * FROM db_files WHERE (db_files."name" = 'settings/system') LIMIT 1[0m


Processing WelcomeController#index (for 127.0.0.1 at 2009-04-23 19:36:27) [GET]
  Session ID: 587ce472444b03a50dc849b071aee4aa
  Parameters: {"action"=>"index", "controller"=>"welcome"}
Redirected to http://0.0.0.0:3000/services
Completed in 0.00144 (692 reqs/sec) | DB: 0.00813 (562%) | 302 Found [http://0.0.0.0/]
  [4;36;1mDbFile Load (0.000230)[0m   [0;1mSELECT * FROM db_files WHERE (db_files."name" = 'settings/customer.dflt') LIMIT 1[0m
  [4;35;1mDbFile Load (0.000220)[0m   [0mSELECT * FROM db_files WHERE (db_files."name" = 'settings/customer') LIMIT 1[0m
  [4;36;1mDbFile Load (0.000123)[0m   [0;1mSELECT * FROM db_files WHERE (db_files."name" = 'settings/system.dflt') LIMIT 1[0m
  [4;35;1mDbFile Load (0.000194)[0m   [0mSELECT * FROM db_files WHERE (db_files."name" = 'settings/system') LIMIT 1[0m


Processing ServicesController#index (for 127.0.0.1 at 2009-04-23 19:36:27) [GET]
  Session ID: 587ce472444b03a50dc849b071aee4aa
  Parameters: {"action"=>"index", "controller"=>"services"}
  [4;36;1mServiceEntry Load (0.001313)[0m   [0;1mSELECT * FROM service_entries [0m
Rendering  within layouts/services
Rendering services/index
Rendered shared/style/_scaffold (0.00221)
Rendered shared/style/_style1 (0.00836)
  [4;35;1mDbFile Load (0.000915)[0m   [0mSELECT * FROM db_files WHERE (db_files."name" = 'images/banner') LIMIT 1[0m
  [4;36;1mDbFile Load (0.000602)[0m   [0;1mSELECT * FROM db_files WHERE (db_files."name" = 'images/sidebar') LIMIT 1[0m
  [4;35;1mDisclosures Load (0.000244)[0m   [0mSELECT * FROM disclosures [0m
Rendered shared/_disclosures (0.00478)
Completed in 0.02807 (35 reqs/sec) | Rendering: 0.02172 (77%) | DB: 0.00384 (13%) | 200 OK [http://0.0.0.0/services]
  [4;36;1mDbFile Load (0.000227)[0m   [0;1mSELECT * FROM db_files WHERE (db_files."name" = 'settings/customer.dflt') LIMIT 1[0m
  [4;35;1mDbFile Load (0.000217)[0m   [0mSELECT * FROM db_files WHERE (db_files."name" = 'settings/customer') LIMIT 1[0m
  [4;36;1mDbFile Load (0.000113)[0m   [0;1mSELECT * FROM db_files WHERE (db_files."name" = 'settings/system.dflt') LIMIT 1[0m
  [4;35;1mDbFile Load (0.000199)[0m   [0mSELECT * FROM db_files WHERE (db_files."name" = 'settings/system') LIMIT 1[0m


Processing ServicesController#services (for 127.0.0.1 at 2009-04-23 19:36:30) [GET]
  Session ID: 587ce472444b03a50dc849b071aee4aa
  Parameters: {"action"=>"services", "controller"=>"services"}
DEPRECATION WARNING: paginate is deprecated and will be removed from Rails 2.0 (Pagination is moving to a plugin in Rails 2.0: script/plugin install svn://errtheblog.com/svn/plugins/classic_pagination)  See http://www.rubyonrails.org/deprecation for details. (called from services at /Users/mbarber/Desktop/webbing trunk/source/services/webbing/app/controllers/services_controller.rb:9)
  [4;36;1mSQL (0.000193)[0m   [0;1mSELECT count(*) AS count_all FROM service_entries [0m
  [4;35;1mServiceEntry Load (0.001316)[0m   [0mSELECT * FROM service_entries ORDER BY sort_order DESC LIMIT 50 OFFSET 0[0m
Rendering  within layouts/services
Rendering services/services
Rendered shared/style/_scaffold (0.00010)
Rendered shared/style/_style1 (0.00037)
  [4;36;1mDbFile Load (0.000370)[0m   [0;1mSELECT * FROM db_files WHERE (db_files."name" = 'images/banner') LIMIT 1[0m
  [4;35;1mDbFile Load (0.000340)[0m   [0mSELECT * FROM db_files WHERE (db_files."name" = 'images/sidebar') LIMIT 1[0m
  [4;36;1mDisclosures Load (0.000211)[0m   [0;1mSELECT * FROM disclosures [0m
Rendered shared/_disclosures (0.00407)
Completed in 0.02025 (49 reqs/sec) | Rendering: 0.01353 (66%) | DB: 0.00319 (15%) | 200 OK [http://0.0.0.0/services/services]
  [4;35;1mDbFile Load (0.000224)[0m   [0mSELECT * FROM db_files WHERE (db_files."name" = 'settings/customer.dflt') LIMIT 1[0m
  [4;36;1mDbFile Load (0.000216)[0m   [0;1mSELECT * FROM db_files WHERE (db_files."name" = 'settings/customer') LIMIT 1[0m
  [4;35;1mDbFile Load (0.000133)[0m   [0mSELECT * FROM db_files WHERE (db_files."name" = 'settings/system.dflt') LIMIT 1[0m
  [4;36;1mDbFile Load (0.000193)[0m   [0;1mSELECT * FROM db_files WHERE (db_files."name" = 'settings/system') LIMIT 1[0m


Processing ServicesController#thumb (for 127.0.0.1 at 2009-04-23 19:36:30) [GET]
  Session ID: 587ce472444b03a50dc849b071aee4aa
  Parameters: {"action"=>"thumb", "id"=>"328", "controller"=>"services"}
  [4;35;1mImage Load (0.027768)[0m   [0mSELECT * FROM images WHERE (images."id" = 328) [0m
Sending data 
Completed in 0.21069 (4 reqs/sec) | Rendering: 0.00006 (0%) | DB: 0.02853 (13%) | 200 OK [http://0.0.0.0/services/thumb/328]
  [4;36;1mDbFile Load (0.000226)[0m   [0;1mSELECT * FROM db_files WHERE (db_files."name" = 'settings/customer.dflt') LIMIT 1[0m
  [4;35;1mDbFile Load (0.000254)[0m   [0mSELECT * FROM db_files WHERE (db_files."name" = 'settings/customer') LIMIT 1[0m
  [4;36;1mDbFile Load (0.000127)[0m   [0;1mSELECT * FROM db_files WHERE (db_files."name" = 'settings/system.dflt') LIMIT 1[0m
  [4;35;1mDbFile Load (0.000201)[0m   [0mSELECT * FROM db_files WHERE (db_files."name" = 'settings/system') LIMIT 1[0m


Processing ServicesController#thumb (for 127.0.0.1 at 2009-04-23 19:36:31) [GET]
  Session ID: 587ce472444b03a50dc849b071aee4aa
  Parameters: {"action"=>"thumb", "id"=>"340", "controller"=>"services"}
  [4;36;1mImage Load (0.028764)[0m   [0;1mSELECT * FROM images WHERE (images."id" = 340) [0m
Sending data 
Completed in 0.08119 (12 reqs/sec) | Rendering: 0.00006 (0%) | DB: 0.02957 (36%) | 200 OK [http://0.0.0.0/services/thumb/340]
  [4;35;1mDbFile Load (0.000233)[0m   [0mSELECT * FROM db_files WHERE (db_files."name" = 'settings/customer.dflt') LIMIT 1[0m
  [4;36;1mDbFile Load (0.000397)[0m   [0;1mSELECT * FROM db_files WHERE (db_files."name" = 'settings/customer') LIMIT 1[0m
  [4;35;1mDbFile Load (0.000172)[0m   [0mSELECT * FROM db_files WHERE (db_files."name" = 'settings/system.dflt') LIMIT 1[0m
  [4;36;1mDbFile Load (0.000233)[0m   [0;1mSELECT * FROM db_files WHERE (db_files."name" = 'settings/system') LIMIT 1[0m


Processing ServicesController#thumb (for 127.0.0.1 at 2009-04-23 19:36:31) [GET]
  Session ID: 587ce472444b03a50dc849b071aee4aa
  Parameters: {"action"=>"thumb", "id"=>"362", "controller"=>"services"}
  [4;35;1mImage Load (0.025725)[0m   [0mSELECT * FROM images WHERE (images."id" = 362) [0m
Sending data 
Completed in 0.15704 (6 reqs/sec) | Rendering: 0.00006 (0%) | DB: 0.02676 (17%) | 200 OK [http://0.0.0.0/services/thumb/362]
  [4;36;1mDbFile Load (0.000226)[0m   [0;1mSELECT * FROM db_files WHERE (db_files."name" = 'settings/customer.dflt') LIMIT 1[0m
  [4;35;1mDbFile Load (0.000211)[0m   [0mSELECT * FROM db_files WHERE (db_files."name" = 'settings/customer') LIMIT 1[0m
  [4;36;1mDbFile Load (0.000114)[0m   [0;1mSELECT * FROM db_files WHERE (db_files."name" = 'settings/system.dflt') LIMIT 1[0m
  [4;35;1mDbFile Load (0.000190)[0m   [0mSELECT * FROM db_files WHERE (db_files."name" = 'settings/system') LIMIT 1[0m


Processing ServicesController#news (for 127.0.0.1 at 2009-04-23 19:36:34) [GET]
  Session ID: 587ce472444b03a50dc849b071aee4aa
  Parameters: {"action"=>"news", "controller"=>"services"}
DEPRECATION WARNING: paginate is deprecated and will be removed from Rails 2.0 (Pagination is moving to a plugin in Rails 2.0: script/plugin install svn://errtheblog.com/svn/plugins/classic_pagination)  See http://www.rubyonrails.org/deprecation for details. (called from news at /Users/mbarber/Desktop/webbing trunk/source/services/webbing/app/controllers/services_controller.rb:39)
  [4;36;1mSQL (0.029853)[0m   [0;1mSELECT count(*) AS count_all FROM news [0m
  [4;35;1mNews Load (0.000989)[0m   [0mSELECT * FROM news ORDER BY id DESC LIMIT 5 OFFSET 0[0m
Rendering  within layouts/services
Rendering services/news
Rendered shared/image/_thumb (0.00204)
  [4;36;1mComment Load (0.001529)[0m   [0;1mSELECT * FROM comments WHERE (news_id='92') [0m
Rendered shared/image/_thumb (0.00036)
Rendered shared/image/_thumb (0.00027)
Rendered shared/image/_thumb (0.00027)
Rendered shared/image/_thumb (0.00027)
  [4;35;1mComment Load (0.000396)[0m   [0mSELECT * FROM comments WHERE (news_id='91') [0m
  [4;36;1mComment Load (0.000407)[0m   [0;1mSELECT * FROM comments WHERE (news_id='90') [0m
Rendered shared/image/_thumb (0.00039)
Rendered shared/image/_thumb (0.00028)
Rendered shared/image/_thumb (0.00029)
  [4;35;1mComment Load (0.000518)[0m   [0mSELECT * FROM comments WHERE (news_id='89') [0m
Rendered shared/image/_thumb (0.00035)
Rendered shared/image/_thumb (0.00027)
  [4;36;1mComment Load (0.000567)[0m   [0;1mSELECT * FROM comments WHERE (news_id='88') [0m
Rendered services/_display_news (0.06333)
Rendered shared/style/_scaffold (0.00010)
Rendered shared/style/_style1 (0.00029)
  [4;35;1mDbFile Load (0.000311)[0m   [0mSELECT * FROM db_files WHERE (db_files."name" = 'images/banner') LIMIT 1[0m
  [4;36;1mDbFile Load (0.000264)[0m   [0;1mSELECT * FROM db_files WHERE (db_files."name" = 'images/sidebar') LIMIT 1[0m
  [4;35;1mDisclosures Load (0.000217)[0m   [0mSELECT * FROM disclosures [0m
Rendered shared/_disclosures (0.00449)
Completed in 0.10691 (9 reqs/sec) | Rendering: 0.06761 (63%) | DB: 0.03579 (33%) | 200 OK [http://0.0.0.0/services/news]
  [4;36;1mDbFile Load (0.000228)[0m   [0;1mSELECT * FROM db_files WHERE (db_files."name" = 'settings/customer.dflt') LIMIT 1[0m
  [4;35;1mDbFile Load (0.000206)[0m   [0mSELECT * FROM db_files WHERE (db_files."name" = 'settings/customer') LIMIT 1[0m
  [4;36;1mDbFile Load (0.000115)[0m   [0;1mSELECT * FROM db_files WHERE (db_files."name" = 'settings/system.dflt') LIMIT 1[0m
  [4;35;1mDbFile Load (0.000198)[0m   [0mSELECT * FROM db_files WHERE (db_files."name" = 'settings/system') LIMIT 1[0m


Processing ServicesController#thumb (for 127.0.0.1 at 2009-04-23 19:36:34) [GET]
  Session ID: 587ce472444b03a50dc849b071aee4aa
  Parameters: {"action"=>"thumb", "id"=>"353", "controller"=>"services"}
  [4;36;1mImage Load (0.032769)[0m   [0;1mSELECT * FROM images WHERE (images."id" = 353) [0m
Sending data 
Completed in 0.15550 (6 reqs/sec) | Rendering: 0.00005 (0%) | DB: 0.03352 (21%) | 200 OK [http://0.0.0.0/services/thumb/353]
  [4;35;1mDbFile Load (0.000226)[0m   [0mSELECT * FROM db_files WHERE (db_files."name" = 'settings/customer.dflt') LIMIT 1[0m
  [4;36;1mDbFile Load (0.000279)[0m   [0;1mSELECT * FROM db_files WHERE (db_files."name" = 'settings/customer') LIMIT 1[0m
  [4;35;1mDbFile Load (0.000177)[0m   [0mSELECT * FROM db_files WHERE (db_files."name" = 'settings/system.dflt') LIMIT 1[0m
  [4;36;1mDbFile Load (0.000230)[0m   [0;1mSELECT * FROM db_files WHERE (db_files."name" = 'settings/system') LIMIT 1[0m


Processing ServicesController#thumb (for 127.0.0.1 at 2009-04-23 19:36:35) [GET]
  Session ID: 587ce472444b03a50dc849b071aee4aa
  Parameters: {"action"=>"thumb", "id"=>"396", "controller"=>"services"}
  [4;35;1mImage Load (0.024966)[0m   [0mSELECT * FROM images WHERE (images."id" = 396) [0m
Sending data 
Completed in 0.07923 (12 reqs/sec) | Rendering: 0.00006 (0%) | DB: 0.02588 (32%) | 200 OK [http://0.0.0.0/services/thumb/396]
  [4;36;1mDbFile Load (0.000232)[0m   [0;1mSELECT * FROM db_files WHERE (db_files."name" = 'settings/customer.dflt') LIMIT 1[0m
  [4;35;1mDbFile Load (0.000273)[0m   [0mSELECT * FROM db_files WHERE (db_files."name" = 'settings/customer') LIMIT 1[0m
  [4;36;1mDbFile Load (0.000252)[0m   [0;1mSELECT * FROM db_files WHERE (db_files."name" = 'settings/system.dflt') LIMIT 1[0m
  [4;35;1mDbFile Load (0.000248)[0m   [0mSELECT * FROM db_files WHERE (db_files."name" = 'settings/system') LIMIT 1[0m


Processing ServicesController#thumb (for 127.0.0.1 at 2009-04-23 19:36:35) [GET]
  Session ID: 587ce472444b03a50dc849b071aee4aa
  Parameters: {"action"=>"thumb", "id"=>"395", "controller"=>"services"}
  [4;36;1mImage Load (0.018171)[0m   [0;1mSELECT * FROM images WHERE (images."id" = 395) [0m
Sending data 
Completed in 0.07369 (13 reqs/sec) | Rendering: 0.00006 (0%) | DB: 0.01918 (26%) | 200 OK [http://0.0.0.0/services/thumb/395]
  [4;35;1mDbFile Load (0.000237)[0m   [0mSELECT * FROM db_files WHERE (db_files."name" = 'settings/customer.dflt') LIMIT 1[0m
  [4;36;1mDbFile Load (0.000291)[0m   [0;1mSELECT * FROM db_files WHERE (db_files."name" = 'settings/customer') LIMIT 1[0m
  [4;35;1mDbFile Load (0.000147)[0m   [0mSELECT * FROM db_files WHERE (db_files."name" = 'settings/system.dflt') LIMIT 1[0m
  [4;36;1mDbFile Load (0.000258)[0m   [0;1mSELECT * FROM db_files WHERE (db_files."name" = 'settings/system') LIMIT 1[0m


Processing ServicesController#thumb (for 127.0.0.1 at 2009-04-23 19:36:35) [GET]
  Session ID: 587ce472444b03a50dc849b071aee4aa
  Parameters: {"action"=>"thumb", "id"=>"397", "controller"=>"services"}
  [4;35;1mImage Load (0.005013)[0m   [0mSELECT * FROM images WHERE (images."id" = 397) [0m
Sending data 
Completed in 0.06141 (16 reqs/sec) | Rendering: 0.00006 (0%) | DB: 0.00595 (9%) | 200 OK [http://0.0.0.0/services/thumb/397]
  [4;36;1mDbFile Load (0.000262)[0m   [0;1mSELECT * FROM db_files WHERE (db_files."name" = 'settings/customer.dflt') LIMIT 1[0m
  [4;35;1mDbFile Load (0.000292)[0m   [0mSELECT * FROM db_files WHERE (db_files."name" = 'settings/customer') LIMIT 1[0m
  [4;36;1mDbFile Load (0.000156)[0m   [0;1mSELECT * FROM db_files WHERE (db_files."name" = 'settings/system.dflt') LIMIT 1[0m
  [4;35;1mDbFile Load (0.000233)[0m   [0mSELECT * FROM db_files WHERE (db_files."name" = 'settings/system') LIMIT 1[0m


Processing ServicesController#thumb (for 127.0.0.1 at 2009-04-23 19:36:35) [GET]
  Session ID: 587ce472444b03a50dc849b071aee4aa
  Parameters: {"action"=>"thumb", "id"=>"394", "controller"=>"services"}
  [4;36;1mImage Load (0.014826)[0m   [0;1mSELECT * FROM images WHERE (images."id" = 394) [0m
Sending data 
Completed in 0.07248 (13 reqs/sec) | Rendering: 0.00006 (0%) | DB: 0.01577 (21%) | 200 OK [http://0.0.0.0/services/thumb/394]
  [4;35;1mDbFile Load (0.000305)[0m   [0mSELECT * FROM db_files WHERE (db_files."name" = 'settings/customer.dflt') LIMIT 1[0m
  [4;36;1mDbFile Load (0.000326)[0m   [0;1mSELECT * FROM db_files WHERE (db_files."name" = 'settings/customer') LIMIT 1[0m
  [4;35;1mDbFile Load (0.000326)[0m   [0mSELECT * FROM db_files WHERE (db_files."name" = 'settings/system.dflt') LIMIT 1[0m
  [4;36;1mDbFile Load (0.000393)[0m   [0;1mSELECT * FROM db_files WHERE (db_files."name" = 'settings/system') LIMIT 1[0m


Processing ServicesController#thumb (for 127.0.0.1 at 2009-04-23 19:36:35) [GET]
  Session ID: 587ce472444b03a50dc849b071aee4aa
  Parameters: {"action"=>"thumb", "id"=>"393", "controller"=>"services"}
  [4;35;1mImage Load (0.013255)[0m   [0mSELECT * FROM images WHERE (images."id" = 393) [0m
Sending data 
Completed in 0.06849 (14 reqs/sec) | Rendering: 0.00006 (0%) | DB: 0.01461 (21%) | 200 OK [http://0.0.0.0/services/thumb/393]
  [4;36;1mDbFile Load (0.000226)[0m   [0;1mSELECT * FROM db_files WHERE (db_files."name" = 'settings/customer.dflt') LIMIT 1[0m
  [4;35;1mDbFile Load (0.000314)[0m   [0mSELECT * FROM db_files WHERE (db_files."name" = 'settings/customer') LIMIT 1[0m
  [4;36;1mDbFile Load (0.000284)[0m   [0;1mSELECT * FROM db_files WHERE (db_files."name" = 'settings/system.dflt') LIMIT 1[0m
  [4;35;1mDbFile Load (0.000321)[0m   [0mSELECT * FROM db_files WHERE (db_files."name" = 'settings/system') LIMIT 1[0m


Processing ServicesController#thumb (for 127.0.0.1 at 2009-04-23 19:36:35) [GET]
  Session ID: 587ce472444b03a50dc849b071aee4aa
  Parameters: {"action"=>"thumb", "id"=>"399", "controller"=>"services"}
  [4;36;1mImage Load (0.005125)[0m   [0;1mSELECT * FROM images WHERE (images."id" = 399) [0m
Sending data 
Completed in 0.06217 (16 reqs/sec) | Rendering: 0.00006 (0%) | DB: 0.00627 (10%) | 200 OK [http://0.0.0.0/services/thumb/399]
  [4;35;1mDbFile Load (0.000241)[0m   [0mSELECT * FROM db_files WHERE (db_files."name" = 'settings/customer.dflt') LIMIT 1[0m
  [4;36;1mDbFile Load (0.000277)[0m   [0;1mSELECT * FROM db_files WHERE (db_files."name" = 'settings/customer') LIMIT 1[0m
  [4;35;1mDbFile Load (0.000156)[0m   [0mSELECT * FROM db_files WHERE (db_files."name" = 'settings/system.dflt') LIMIT 1[0m
  [4;36;1mDbFile Load (0.000444)[0m   [0;1mSELECT * FROM db_files WHERE (db_files."name" = 'settings/system') LIMIT 1[0m


Processing ServicesController#thumb (for 127.0.0.1 at 2009-04-23 19:36:36) [GET]
  Session ID: 587ce472444b03a50dc849b071aee4aa
  Parameters: {"action"=>"thumb", "id"=>"398", "controller"=>"services"}
  [4;35;1mImage Load (0.086516)[0m   [0mSELECT * FROM images WHERE (images."id" = 398) [0m
Sending data 
Completed in 0.14041 (7 reqs/sec) | Rendering: 0.00007 (0%) | DB: 0.08763 (62%) | 200 OK [http://0.0.0.0/services/thumb/398]
  [4;36;1mDbFile Load (0.000227)[0m   [0;1mSELECT * FROM db_files WHERE (db_files."name" = 'settings/customer.dflt') LIMIT 1[0m
  [4;35;1mDbFile Load (0.000269)[0m   [0mSELECT * FROM db_files WHERE (db_files."name" = 'settings/customer') LIMIT 1[0m
  [4;36;1mDbFile Load (0.000184)[0m   [0;1mSELECT * FROM db_files WHERE (db_files."name" = 'settings/system.dflt') LIMIT 1[0m
  [4;35;1mDbFile Load (0.000349)[0m   [0mSELECT * FROM db_files WHERE (db_files."name" = 'settings/system') LIMIT 1[0m


Processing ServicesController#thumb (for 127.0.0.1 at 2009-04-23 19:36:36) [GET]
  Session ID: 587ce472444b03a50dc849b071aee4aa
  Parameters: {"action"=>"thumb", "id"=>"345", "controller"=>"services"}
  [4;36;1mImage Load (0.007080)[0m   [0;1mSELECT * FROM images WHERE (images."id" = 345) [0m
Sending data 
Completed in 0.06128 (16 reqs/sec) | Rendering: 0.00006 (0%) | DB: 0.00811 (13%) | 200 OK [http://0.0.0.0/services/thumb/345]
  [4;35;1mDbFile Load (0.000230)[0m   [0mSELECT * FROM db_files WHERE (db_files."name" = 'settings/customer.dflt') LIMIT 1[0m
  [4;36;1mDbFile Load (0.000287)[0m   [0;1mSELECT * FROM db_files WHERE (db_files."name" = 'settings/customer') LIMIT 1[0m
  [4;35;1mDbFile Load (0.000160)[0m   [0mSELECT * FROM db_files WHERE (db_files."name" = 'settings/system.dflt') LIMIT 1[0m
  [4;36;1mDbFile Load (0.000365)[0m   [0;1mSELECT * FROM db_files WHERE (db_files."name" = 'settings/system') LIMIT 1[0m


Processing ServicesController#thumb (for 127.0.0.1 at 2009-04-23 19:36:36) [GET]
  Session ID: 587ce472444b03a50dc849b071aee4aa
  Parameters: {"action"=>"thumb", "id"=>"354", "controller"=>"services"}
  [4;35;1mImage Load (0.004580)[0m   [0mSELECT * FROM images WHERE (images."id" = 354) [0m
Sending data 
Completed in 0.14727 (6 reqs/sec) | Rendering: 0.00006 (0%) | DB: 0.00562 (3%) | 200 OK [http://0.0.0.0/services/thumb/354]
